# JRE version: OpenJDK Runtime Environment (8.0_242-b01) (build 1.8.0_242-release-1644-b01)
# Java VM: OpenJDK 64-Bit Server VM (25.242-b01 mixed mode windows-amd64 compressed oops)
Heap:
 PSYoungGen      total 236032K, used 228414K [0x00000000d5580000, 0x00000000e5680000, 0x0000000100000000)
  eden space 219648K, 96% used [0x00000000d5580000,0x00000000e24ebe28,0x00000000e2c00000)
  from space 16384K, 97% used [0x00000000e4680000,0x00000000e5623c58,0x00000000e5680000)
  to   space 20480K, 0% used [0x00000000e2e80000,0x00000000e2e80000,0x00000000e4280000)
 ParOldGen       total 203264K, used 38055K [0x0000000080000000, 0x000000008c680000, 0x00000000d5580000)
  object space 203264K, 18% used [0x0000000080000000,0x0000000082529c40,0x000000008c680000)
 Metaspace       used 74694K, capacity 78380K, committed 78616K, reserved 1118208K
  class space    used 10030K, capacity 10752K, committed 10800K, reserved 1048576K
GC Heap History (10 events):
Event: 9.163 GC heap before
{Heap before GC invocations=9 (full 2):
 PSYoungGen      total 122880K, used 9165K [0x00000000d5580000, 0x00000000e2280000, 0x0000000100000000)
  eden space 110592K, 0% used [0x00000000d5580000,0x00000000d5580000,0x00000000dc180000)
  from space 12288K, 74% used [0x00000000dc180000,0x00000000dca737d8,0x00000000dcd80000)
  to   space 11776K, 0% used [0x00000000e1700000,0x00000000e1700000,0x00000000e2280000)
 ParOldGen       total 90112K, used 7204K [0x0000000080000000, 0x0000000085800000, 0x00000000d5580000)
  object space 90112K, 7% used [0x0000000080000000,0x00000000807093b0,0x0000000085800000)
 Metaspace       used 34448K, capacity 35342K, committed 35496K, reserved 1079296K
  class space    used 4718K, capacity 4934K, committed 5040K, reserved 1048576K
Event: 9.225 GC heap after
Heap after GC invocations=9 (full 2):
 PSYoungGen      total 122880K, used 0K [0x00000000d5580000, 0x00000000e2280000, 0x0000000100000000)
  eden space 110592K, 0% used [0x00000000d5580000,0x00000000d5580000,0x00000000dc180000)
  from space 12288K, 0% used [0x00000000dc180000,0x00000000dc180000,0x00000000dcd80000)
  to   space 11776K, 0% used [0x00000000e1700000,0x00000000e1700000,0x00000000e2280000)
 ParOldGen       total 132096K, used 15814K [0x0000000080000000, 0x0000000088100000, 0x00000000d5580000)
  object space 132096K, 11% used [0x0000000080000000,0x0000000080f719f0,0x0000000088100000)
 Metaspace       used 34448K, capacity 35342K, committed 35496K, reserved 1079296K
  class space    used 4718K, capacity 4934K, committed 5040K, reserved 1048576K
}
Event: 11.223 GC heap before
{Heap before GC invocations=10 (full 2):
 PSYoungGen      total 122880K, used 110592K [0x00000000d5580000, 0x00000000e2280000, 0x0000000100000000)
  eden space 110592K, 100% used [0x00000000d5580000,0x00000000dc180000,0x00000000dc180000)
  from space 12288K, 0% used [0x00000000dc180000,0x00000000dc180000,0x00000000dcd80000)
  to   space 11776K, 0% used [0x00000000e1700000,0x00000000e1700000,0x00000000e2280000)
 ParOldGen       total 132096K, used 15814K [0x0000000080000000, 0x0000000088100000, 0x00000000d5580000)
  object space 132096K, 11% used [0x0000000080000000,0x0000000080f719f0,0x0000000088100000)
 Metaspace       used 44375K, capacity 45962K, committed 46128K, reserved 1089536K
  class space    used 6000K, capacity 6383K, committed 6448K, reserved 1048576K
Event: 11.241 GC heap after
Heap after GC invocations=10 (full 2):
 PSYoungGen      total 182784K, used 11774K [0x00000000d5580000, 0x00000000e2280000, 0x0000000100000000)
  eden space 171008K, 0% used [0x00000000d5580000,0x00000000d5580000,0x00000000dfc80000)
  from space 11776K, 99% used [0x00000000e1700000,0x00000000e227fac8,0x00000000e2280000)
  to   space 13312K, 0% used [0x00000000e0880000,0x00000000e0880000,0x00000000e1580000)
 ParOldGen       total 132096K, used 17151K [0x0000000080000000, 0x0000000088100000, 0x00000000d5580000)
  object space 132096K, 12% used [0x0000000080000000,0x00000000810bfe28,0x0000000088100000)
 Metaspace       used 44375K, capacity 45962K, committed 46128K, reserved 1089536K
  class space    used 6000K, capacity 6383K, committed 6448K, reserved 1048576K
}
Event: 14.229 GC heap before
{Heap before GC invocations=11 (full 2):
 PSYoungGen      total 182784K, used 178903K [0x00000000d5580000, 0x00000000e2280000, 0x0000000100000000)
  eden space 171008K, 97% used [0x00000000d5580000,0x00000000df8b62d8,0x00000000dfc80000)
  from space 11776K, 99% used [0x00000000e1700000,0x00000000e227fac8,0x00000000e2280000)
  to   space 13312K, 0% used [0x00000000e0880000,0x00000000e0880000,0x00000000e1580000)
 ParOldGen       total 132096K, used 17151K [0x0000000080000000, 0x0000000088100000, 0x00000000d5580000)
  object space 132096K, 12% used [0x0000000080000000,0x00000000810bfe28,0x0000000088100000)
 Metaspace       used 57092K, capacity 59122K, committed 59160K, reserved 1099776K
  class space    used 7726K, capacity 8226K, committed 8240K, reserved 1048576K
Event: 14.290 GC heap after
Heap after GC invocations=11 (full 2):
 PSYoungGen      total 196608K, used 13300K [0x00000000d5580000, 0x00000000e5a00000, 0x0000000100000000)
  eden space 183296K, 0% used [0x00000000d5580000,0x00000000d5580000,0x00000000e0880000)
  from space 13312K, 99% used [0x00000000e0880000,0x00000000e157d300,0x00000000e1580000)
  to   space 19968K, 0% used [0x00000000e4680000,0x00000000e4680000,0x00000000e5a00000)
 ParOldGen       total 132096K, used 29602K [0x0000000080000000, 0x0000000088100000, 0x00000000d5580000)
  object space 132096K, 22% used [0x0000000080000000,0x0000000081ce8a98,0x0000000088100000)
 Metaspace       used 57092K, capacity 59122K, committed 59160K, reserved 1099776K
  class space    used 7726K, capacity 8226K, committed 8240K, reserved 1048576K
}
Event: 14.290 GC heap before
{Heap before GC invocations=12 (full 3):
 PSYoungGen      total 196608K, used 13300K [0x00000000d5580000, 0x00000000e5a00000, 0x0000000100000000)
  eden space 183296K, 0% used [0x00000000d5580000,0x00000000d5580000,0x00000000e0880000)
  from space 13312K, 99% used [0x00000000e0880000,0x00000000e157d300,0x00000000e1580000)
  to   space 19968K, 0% used [0x00000000e4680000,0x00000000e4680000,0x00000000e5a00000)
 ParOldGen       total 132096K, used 29602K [0x0000000080000000, 0x0000000088100000, 0x00000000d5580000)
  object space 132096K, 22% used [0x0000000080000000,0x0000000081ce8a98,0x0000000088100000)
 Metaspace       used 57092K, capacity 59122K, committed 59160K, reserved 1099776K
  class space    used 7726K, capacity 8226K, committed 8240K, reserved 1048576K
Event: 14.662 GC heap after
Heap after GC invocations=12 (full 3):
 PSYoungGen      total 196608K, used 0K [0x00000000d5580000, 0x00000000e5a00000, 0x0000000100000000)
  eden space 183296K, 0% used [0x00000000d5580000,0x00000000d5580000,0x00000000e0880000)
  from space 13312K, 0% used [0x00000000e0880000,0x00000000e0880000,0x00000000e1580000)
  to   space 19968K, 0% used [0x00000000e4680000,0x00000000e4680000,0x00000000e5a00000)
 ParOldGen       total 203264K, used 38047K [0x0000000080000000, 0x000000008c680000, 0x00000000d5580000)
  object space 203264K, 18% used [0x0000000080000000,0x0000000082527c40,0x000000008c680000)
 Metaspace       used 57085K, capacity 59098K, committed 59160K, reserved 1099776K
  class space    used 7724K, capacity 8222K, committed 8240K, reserved 1048576K
}
Event: 17.042 GC heap before
{Heap before GC invocations=13 (full 3):
 PSYoungGen      total 196608K, used 183296K [0x00000000d5580000, 0x00000000e5a00000, 0x0000000100000000)
  eden space 183296K, 100% used [0x00000000d5580000,0x00000000e0880000,0x00000000e0880000)
  from space 13312K, 0% used [0x00000000e0880000,0x00000000e0880000,0x00000000e1580000)
  to   space 19968K, 0% used [0x00000000e4680000,0x00000000e4680000,0x00000000e5a00000)
 ParOldGen       total 203264K, used 38047K [0x0000000080000000, 0x000000008c680000, 0x00000000d5580000)
  object space 203264K, 18% used [0x0000000080000000,0x0000000082527c40,0x000000008c680000)
 Metaspace       used 64611K, capacity 67902K, committed 67992K, reserved 1107968K
  class space    used 8919K, capacity 9574K, committed 9648K, reserved 1048576K
Event: 17.060 GC heap after
Heap after GC invocations=13 (full 3):
 PSYoungGen      total 236032K, used 16015K [0x00000000d5580000, 0x00000000e5680000, 0x0000000100000000)
  eden space 219648K, 0% used [0x00000000d5580000,0x00000000d5580000,0x00000000e2c00000)
  from space 16384K, 97% used [0x00000000e4680000,0x00000000e5623c58,0x00000000e5680000)
  to   space 20480K, 0% used [0x00000000e2e80000,0x00000000e2e80000,0x00000000e4280000)
 ParOldGen       total 203264K, used 38055K [0x0000000080000000, 0x000000008c680000, 0x00000000d5580000)
  object space 203264K, 18% used [0x0000000080000000,0x0000000082529c40,0x000000008c680000)
 Metaspace       used 64611K, capacity 67902K, committed 67992K, reserved 1107968K
  class space    used 8919K, capacity 9574K, committed 9648K, reserved 1048576K
}

