# JRE version: OpenJDK Runtime Environment (8.0_242-b01) (build 1.8.0_242-release-1644-b01)
# Java VM: OpenJDK 64-Bit Server VM (25.242-b01 mixed mode windows-amd64 compressed oops)
Heap:
 PSYoungGen      total 224768K, used 145184K [0x00000000d5580000, 0x00000000e7000000, 0x0000000100000000)
  eden space 204288K, 61% used [0x00000000d5580000,0x00000000dcf48cb8,0x00000000e1d00000)
  from space 20480K, 99% used [0x00000000e1d00000,0x00000000e30ff4d0,0x00000000e3100000)
  to   space 26624K, 0% used [0x00000000e5600000,0x00000000e5600000,0x00000000e7000000)
 ParOldGen       total 213504K, used 48027K [0x0000000080000000, 0x000000008d080000, 0x00000000d5580000)
  object space 213504K, 22% used [0x0000000080000000,0x0000000082ee6df0,0x000000008d080000)
 Metaspace       used 76200K, capacity 79772K, committed 79896K, reserved 1118208K
  class space    used 10063K, capacity 10760K, committed 10800K, reserved 1048576K
GC Heap History (10 events):
Event: 14.062 GC heap before
{Heap before GC invocations=10 (full 2):
 PSYoungGen      total 122368K, used 110080K [0x00000000d5580000, 0x00000000e2100000, 0x0000000100000000)
  eden space 110080K, 100% used [0x00000000d5580000,0x00000000dc100000,0x00000000dc100000)
  from space 12288K, 0% used [0x00000000dc100000,0x00000000dc100000,0x00000000dcd00000)
  to   space 12288K, 0% used [0x00000000e1500000,0x00000000e1500000,0x00000000e2100000)
 ParOldGen       total 137728K, used 15907K [0x0000000080000000, 0x0000000088680000, 0x00000000d5580000)
  object space 137728K, 11% used [0x0000000080000000,0x0000000080f88cd0,0x0000000088680000)
 Metaspace       used 44422K, capacity 45980K, committed 46128K, reserved 1089536K
  class space    used 6004K, capacity 6386K, committed 6448K, reserved 1048576K
Event: 14.082 GC heap after
Heap after GC invocations=10 (full 2):
 PSYoungGen      total 174080K, used 12281K [0x00000000d5580000, 0x00000000e2100000, 0x0000000100000000)
  eden space 161792K, 0% used [0x00000000d5580000,0x00000000d5580000,0x00000000df380000)
  from space 12288K, 99% used [0x00000000e1500000,0x00000000e20fe740,0x00000000e2100000)
  to   space 13824K, 0% used [0x00000000e0600000,0x00000000e0600000,0x00000000e1380000)
 ParOldGen       total 137728K, used 16536K [0x0000000080000000, 0x0000000088680000, 0x00000000d5580000)
  object space 137728K, 12% used [0x0000000080000000,0x0000000081026330,0x0000000088680000)
 Metaspace       used 44422K, capacity 45980K, committed 46128K, reserved 1089536K
  class space    used 6004K, capacity 6386K, committed 6448K, reserved 1048576K
}
Event: 18.135 GC heap before
{Heap before GC invocations=11 (full 2):
 PSYoungGen      total 174080K, used 174073K [0x00000000d5580000, 0x00000000e2100000, 0x0000000100000000)
  eden space 161792K, 100% used [0x00000000d5580000,0x00000000df380000,0x00000000df380000)
  from space 12288K, 99% used [0x00000000e1500000,0x00000000e20fe740,0x00000000e2100000)
  to   space 13824K, 0% used [0x00000000e0600000,0x00000000e0600000,0x00000000e1380000)
 ParOldGen       total 137728K, used 16536K [0x0000000080000000, 0x0000000088680000, 0x00000000d5580000)
  object space 137728K, 12% used [0x0000000080000000,0x0000000081026330,0x0000000088680000)
 Metaspace       used 57135K, capacity 59136K, committed 59160K, reserved 1099776K
  class space    used 7732K, capacity 8229K, committed 8240K, reserved 1048576K
Event: 18.173 GC heap after
Heap after GC invocations=11 (full 2):
 PSYoungGen      total 194560K, used 13804K [0x00000000d5580000, 0x00000000e4480000, 0x0000000100000000)
  eden space 180736K, 0% used [0x00000000d5580000,0x00000000d5580000,0x00000000e0600000)
  from space 13824K, 99% used [0x00000000e0600000,0x00000000e137b310,0x00000000e1380000)
  to   space 19968K, 0% used [0x00000000e3100000,0x00000000e3100000,0x00000000e4480000)
 ParOldGen       total 137728K, used 28492K [0x0000000080000000, 0x0000000088680000, 0x00000000d5580000)
  object space 137728K, 20% used [0x0000000080000000,0x0000000081bd32d0,0x0000000088680000)
 Metaspace       used 57135K, capacity 59136K, committed 59160K, reserved 1099776K
  class space    used 7732K, capacity 8229K, committed 8240K, reserved 1048576K
}
Event: 18.173 GC heap before
{Heap before GC invocations=12 (full 3):
 PSYoungGen      total 194560K, used 13804K [0x00000000d5580000, 0x00000000e4480000, 0x0000000100000000)
  eden space 180736K, 0% used [0x00000000d5580000,0x00000000d5580000,0x00000000e0600000)
  from space 13824K, 99% used [0x00000000e0600000,0x00000000e137b310,0x00000000e1380000)
  to   space 19968K, 0% used [0x00000000e3100000,0x00000000e3100000,0x00000000e4480000)
 ParOldGen       total 137728K, used 28492K [0x0000000080000000, 0x0000000088680000, 0x00000000d5580000)
  object space 137728K, 20% used [0x0000000080000000,0x0000000081bd32d0,0x0000000088680000)
 Metaspace       used 57135K, capacity 59136K, committed 59160K, reserved 1099776K
  class space    used 7732K, capacity 8229K, committed 8240K, reserved 1048576K
Event: 18.566 GC heap after
Heap after GC invocations=12 (full 3):
 PSYoungGen      total 194560K, used 0K [0x00000000d5580000, 0x00000000e4480000, 0x0000000100000000)
  eden space 180736K, 0% used [0x00000000d5580000,0x00000000d5580000,0x00000000e0600000)
  from space 13824K, 0% used [0x00000000e0600000,0x00000000e0600000,0x00000000e1380000)
  to   space 19968K, 0% used [0x00000000e3100000,0x00000000e3100000,0x00000000e4480000)
 ParOldGen       total 213504K, used 38049K [0x0000000080000000, 0x000000008d080000, 0x00000000d5580000)
  object space 213504K, 17% used [0x0000000080000000,0x0000000082528500,0x000000008d080000)
 Metaspace       used 57123K, capacity 59094K, committed 59160K, reserved 1099776K
  class space    used 7729K, capacity 8222K, committed 8240K, reserved 1048576K
}
Event: 21.804 GC heap before
{Heap before GC invocations=13 (full 3):
 PSYoungGen      total 194560K, used 180736K [0x00000000d5580000, 0x00000000e4480000, 0x0000000100000000)
  eden space 180736K, 100% used [0x00000000d5580000,0x00000000e0600000,0x00000000e0600000)
  from space 13824K, 0% used [0x00000000e0600000,0x00000000e0600000,0x00000000e1380000)
  to   space 19968K, 0% used [0x00000000e3100000,0x00000000e3100000,0x00000000e4480000)
 ParOldGen       total 213504K, used 38049K [0x0000000080000000, 0x000000008d080000, 0x00000000d5580000)
  object space 213504K, 17% used [0x0000000080000000,0x0000000082528500,0x000000008d080000)
 Metaspace       used 64416K, capacity 67472K, committed 67608K, reserved 1107968K
  class space    used 8857K, capacity 9503K, committed 9520K, reserved 1048576K
Event: 21.829 GC heap after
Heap after GC invocations=13 (full 3):
 PSYoungGen      total 224256K, used 15820K [0x00000000d5580000, 0x00000000e4e80000, 0x0000000100000000)
  eden space 204288K, 0% used [0x00000000d5580000,0x00000000d5580000,0x00000000e1d00000)
  from space 19968K, 79% used [0x00000000e3100000,0x00000000e4073220,0x00000000e4480000)
  to   space 20480K, 0% used [0x00000000e1d00000,0x00000000e1d00000,0x00000000e3100000)
 ParOldGen       total 213504K, used 38057K [0x0000000080000000, 0x000000008d080000, 0x00000000d5580000)
  object space 213504K, 17% used [0x0000000080000000,0x000000008252a500,0x000000008d080000)
 Metaspace       used 64416K, capacity 67472K, committed 67608K, reserved 1107968K
  class space    used 8857K, capacity 9503K, committed 9520K, reserved 1048576K
}
Event: 37.835 GC heap before
{Heap before GC invocations=14 (full 3):
 PSYoungGen      total 224256K, used 220108K [0x00000000d5580000, 0x00000000e4e80000, 0x0000000100000000)
  eden space 204288K, 100% used [0x00000000d5580000,0x00000000e1d00000,0x00000000e1d00000)
  from space 19968K, 79% used [0x00000000e3100000,0x00000000e4073220,0x00000000e4480000)
  to   space 20480K, 0% used [0x00000000e1d00000,0x00000000e1d00000,0x00000000e3100000)
 ParOldGen       total 213504K, used 38057K [0x0000000080000000, 0x000000008d080000, 0x00000000d5580000)
  object space 213504K, 17% used [0x0000000080000000,0x000000008252a500,0x000000008d080000)
 Metaspace       used 75333K, capacity 78752K, committed 78872K, reserved 1118208K
  class space    used 10044K, capacity 10730K, committed 10800K, reserved 1048576K
Event: 37.864 GC heap after
Heap after GC invocations=14 (full 3):
 PSYoungGen      total 224768K, used 20477K [0x00000000d5580000, 0x00000000e7000000, 0x0000000100000000)
  eden space 204288K, 0% used [0x00000000d5580000,0x00000000d5580000,0x00000000e1d00000)
  from space 20480K, 99% used [0x00000000e1d00000,0x00000000e30ff4d0,0x00000000e3100000)
  to   space 26624K, 0% used [0x00000000e5600000,0x00000000e5600000,0x00000000e7000000)
 ParOldGen       total 213504K, used 48027K [0x0000000080000000, 0x000000008d080000, 0x00000000d5580000)
  object space 213504K, 22% used [0x0000000080000000,0x0000000082ee6df0,0x000000008d080000)
 Metaspace       used 75333K, capacity 78752K, committed 78872K, reserved 1118208K
  class space    used 10044K, capacity 10730K, committed 10800K, reserved 1048576K
}

